[2025-06-30 09:36:34,534] {manager.py:480} INFO - Processing files using up to 2 processes at a time 
[2025-06-30 09:36:34,534] {manager.py:481} INFO - Process each file at most once every 30 seconds
[2025-06-30 09:36:34,535] {manager.py:483} INFO - Checking for new files in /opt/airflow/dags every 300 seconds
[2025-06-30 09:36:34,535] {manager.py:690} INFO - Searching for files in /opt/airflow/dags
[2025-06-30 09:36:34,536] {manager.py:693} INFO - There are 1 files in /opt/airflow/dags
[2025-06-30 09:36:34,558] {manager.py:809} INFO - 
================================================================================
DAG File Processing Stats

File Path                          PID  Runtime      # DAGs    # Errors  Last Runtime    Last Run
-------------------------------  -----  ---------  --------  ----------  --------------  ----------
/opt/airflow/dags/crypto_dag.py     37  0.01s             0           0
================================================================================
[2025-06-30 09:37:04,726] {manager.py:809} INFO - 
================================================================================
DAG File Processing Stats

File Path                          PID  Runtime      # DAGs    # Errors  Last Runtime    Last Run
-------------------------------  -----  ---------  --------  ----------  --------------  -------------------
/opt/airflow/dags/crypto_dag.py     64  0.01s             0           1  0.03s           2025-06-30T09:36:34
================================================================================
[2025-06-30 09:37:34,914] {manager.py:809} INFO - 
================================================================================
DAG File Processing Stats

File Path                          PID  Runtime      # DAGs    # Errors  Last Runtime    Last Run
-------------------------------  -----  ---------  --------  ----------  --------------  -------------------
/opt/airflow/dags/crypto_dag.py     92  0.01s             0           1  0.06s           2025-06-30T09:37:04
================================================================================
[2025-06-30 09:38:05,093] {manager.py:809} INFO - 
================================================================================
DAG File Processing Stats

File Path                          PID  Runtime      # DAGs    # Errors  Last Runtime    Last Run
-------------------------------  -----  ---------  --------  ----------  --------------  -------------------
/opt/airflow/dags/crypto_dag.py    119  0.00s             0           1  0.05s           2025-06-30T09:37:34
================================================================================
[2025-06-30 09:38:35,291] {manager.py:809} INFO - 
================================================================================
DAG File Processing Stats

File Path                          PID  Runtime      # DAGs    # Errors  Last Runtime    Last Run
-------------------------------  -----  ---------  --------  ----------  --------------  -------------------
/opt/airflow/dags/crypto_dag.py    138  0.00s             0           1  0.03s           2025-06-30T09:38:05
================================================================================
[2025-06-30 09:39:05,462] {manager.py:809} INFO - 
================================================================================
DAG File Processing Stats

File Path                          PID  Runtime      # DAGs    # Errors  Last Runtime    Last Run
-------------------------------  -----  ---------  --------  ----------  --------------  -------------------
/opt/airflow/dags/crypto_dag.py    166  0.01s             0           1  0.05s           2025-06-30T09:38:35
================================================================================
[2025-06-30 09:39:35,649] {manager.py:809} INFO - 
================================================================================
DAG File Processing Stats

File Path                          PID  Runtime      # DAGs    # Errors  Last Runtime    Last Run
-------------------------------  -----  ---------  --------  ----------  --------------  -------------------
/opt/airflow/dags/crypto_dag.py    194  0.01s             0           1  0.06s           2025-06-30T09:39:05
================================================================================
[2025-06-30 09:40:05,815] {manager.py:809} INFO - 
================================================================================
DAG File Processing Stats

File Path                          PID  Runtime      # DAGs    # Errors  Last Runtime    Last Run
-------------------------------  -----  ---------  --------  ----------  --------------  -------------------
/opt/airflow/dags/crypto_dag.py    222  0.01s             0           1  0.06s           2025-06-30T09:39:35
================================================================================
[2025-06-30 09:40:36,034] {manager.py:809} INFO - 
================================================================================
DAG File Processing Stats

File Path                          PID  Runtime      # DAGs    # Errors  Last Runtime    Last Run
-------------------------------  -----  ---------  --------  ----------  --------------  -------------------
/opt/airflow/dags/crypto_dag.py    250  0.01s             0           1  0.06s           2025-06-30T09:40:05
================================================================================
[2025-06-30 09:41:06,222] {manager.py:809} INFO - 
================================================================================
DAG File Processing Stats

File Path                          PID  Runtime      # DAGs    # Errors  Last Runtime    Last Run
-------------------------------  -----  ---------  --------  ----------  --------------  -------------------
/opt/airflow/dags/crypto_dag.py    278  0.00s             0           1  0.06s           2025-06-30T09:40:36
================================================================================
[2025-06-30 09:41:35,397] {manager.py:690} INFO - Searching for files in /opt/airflow/dags
[2025-06-30 09:41:35,401] {manager.py:693} INFO - There are 1 files in /opt/airflow/dags
[2025-06-30 09:41:36,425] {manager.py:809} INFO - 
================================================================================
DAG File Processing Stats

File Path                          PID  Runtime      # DAGs    # Errors  Last Runtime    Last Run
-------------------------------  -----  ---------  --------  ----------  --------------  -------------------
/opt/airflow/dags/crypto_dag.py    306  0.00s             0           1  0.02s           2025-06-30T09:41:06
================================================================================
[2025-06-30 09:42:06,603] {manager.py:809} INFO - 
================================================================================
DAG File Processing Stats

File Path                          PID  Runtime      # DAGs    # Errors  Last Runtime    Last Run
-------------------------------  -----  ---------  --------  ----------  --------------  -------------------
/opt/airflow/dags/crypto_dag.py    324  0.01s             0           1  0.02s           2025-06-30T09:41:36
================================================================================
[2025-06-30 09:42:36,791] {manager.py:809} INFO - 
================================================================================
DAG File Processing Stats

File Path                          PID  Runtime      # DAGs    # Errors  Last Runtime    Last Run
-------------------------------  -----  ---------  --------  ----------  --------------  -------------------
/opt/airflow/dags/crypto_dag.py    352  0.00s             0           1  0.06s           2025-06-30T09:42:06
================================================================================
[2025-06-30 09:43:07,009] {manager.py:809} INFO - 
================================================================================
DAG File Processing Stats

File Path                          PID  Runtime      # DAGs    # Errors  Last Runtime    Last Run
-------------------------------  -----  ---------  --------  ----------  --------------  -------------------
/opt/airflow/dags/crypto_dag.py    380  0.01s             0           1  0.05s           2025-06-30T09:42:36
================================================================================
[2025-06-30 09:43:37,192] {manager.py:809} INFO - 
================================================================================
DAG File Processing Stats

File Path                          PID  Runtime      # DAGs    # Errors  Last Runtime    Last Run
-------------------------------  -----  ---------  --------  ----------  --------------  -------------------
/opt/airflow/dags/crypto_dag.py    408  0.01s             0           1  0.06s           2025-06-30T09:43:07
================================================================================
[2025-06-30 09:44:07,356] {manager.py:809} INFO - 
================================================================================
DAG File Processing Stats

File Path                          PID  Runtime      # DAGs    # Errors  Last Runtime    Last Run
-------------------------------  -----  ---------  --------  ----------  --------------  -------------------
/opt/airflow/dags/crypto_dag.py    435  0.01s             0           1  0.05s           2025-06-30T09:43:37
================================================================================
[2025-06-30 09:44:37,581] {manager.py:809} INFO - 
================================================================================
DAG File Processing Stats

File Path                          PID  Runtime      # DAGs    # Errors  Last Runtime    Last Run
-------------------------------  -----  ---------  --------  ----------  --------------  -------------------
/opt/airflow/dags/crypto_dag.py    463  0.01s             0           1  0.08s           2025-06-30T09:44:07
================================================================================
[2025-06-30 09:44:53,189] {manager.py:462} INFO - Exiting gracefully upon receiving signal 15
[2025-06-30 09:45:32,295] {manager.py:480} INFO - Processing files using up to 2 processes at a time 
[2025-06-30 09:45:32,296] {manager.py:481} INFO - Process each file at most once every 30 seconds
[2025-06-30 09:45:32,296] {manager.py:483} INFO - Checking for new files in /opt/airflow/dags every 300 seconds
[2025-06-30 09:45:32,296] {manager.py:690} INFO - Searching for files in /opt/airflow/dags
[2025-06-30 09:45:32,297] {manager.py:693} INFO - There are 1 files in /opt/airflow/dags
[2025-06-30 09:45:32,321] {manager.py:809} INFO - 
================================================================================
DAG File Processing Stats

File Path                          PID  Runtime      # DAGs    # Errors  Last Runtime    Last Run
-------------------------------  -----  ---------  --------  ----------  --------------  ----------
/opt/airflow/dags/crypto_dag.py     37  0.01s             0           0
================================================================================
[2025-06-30 09:46:02,495] {manager.py:809} INFO - 
================================================================================
DAG File Processing Stats

File Path                          PID  Runtime      # DAGs    # Errors  Last Runtime    Last Run
-------------------------------  -----  ---------  --------  ----------  --------------  -------------------
/opt/airflow/dags/crypto_dag.py     65  0.01s             0           1  0.03s           2025-06-30T09:45:32
================================================================================
[2025-06-30 09:46:32,703] {manager.py:809} INFO - 
================================================================================
DAG File Processing Stats

File Path                          PID  Runtime      # DAGs    # Errors  Last Runtime    Last Run
-------------------------------  -----  ---------  --------  ----------  --------------  -------------------
/opt/airflow/dags/crypto_dag.py     93  0.00s             0           1  0.06s           2025-06-30T09:46:02
================================================================================
[2025-06-30 09:47:02,877] {manager.py:809} INFO - 
================================================================================
DAG File Processing Stats

File Path                          PID  Runtime      # DAGs    # Errors  Last Runtime    Last Run
-------------------------------  -----  ---------  --------  ----------  --------------  -------------------
/opt/airflow/dags/crypto_dag.py    120  0.00s             0           1  0.05s           2025-06-30T09:46:32
================================================================================
[2025-06-30 09:47:20,626] {manager.py:462} INFO - Exiting gracefully upon receiving signal 15
[2025-06-30 09:49:11,480] {manager.py:480} INFO - Processing files using up to 2 processes at a time 
[2025-06-30 09:49:11,481] {manager.py:481} INFO - Process each file at most once every 30 seconds
[2025-06-30 09:49:11,481] {manager.py:482} INFO - Checking for new files in /opt/airflow/dags every 300 seconds
[2025-06-30 09:49:11,481] {manager.py:690} INFO - Searching for files in /opt/airflow/dags
[2025-06-30 09:49:11,482] {manager.py:693} INFO - There are 1 files in /opt/airflow/dags
[2025-06-30 09:49:11,501] {manager.py:809} INFO - 
================================================================================
DAG File Processing Stats

File Path                          PID  Runtime      # DAGs    # Errors  Last Runtime    Last Run
-------------------------------  -----  ---------  --------  ----------  --------------  ----------
/opt/airflow/dags/crypto_dag.py     33  0.01s             0           0
================================================================================
[2025-06-30 09:49:41,661] {manager.py:809} INFO - 
================================================================================
DAG File Processing Stats

File Path                        PID    Runtime      # DAGs    # Errors  Last Runtime    Last Run
-------------------------------  -----  ---------  --------  ----------  --------------  -------------------
/opt/airflow/dags/crypto_dag.py                           1           0  1.02s           2025-06-30T09:49:12
================================================================================
[2025-06-30 09:50:11,820] {manager.py:809} INFO - 
================================================================================
DAG File Processing Stats

File Path                        PID    Runtime      # DAGs    # Errors  Last Runtime    Last Run
-------------------------------  -----  ---------  --------  ----------  --------------  -------------------
/opt/airflow/dags/crypto_dag.py                           1           0  0.53s           2025-06-30T09:49:43
================================================================================
[2025-06-30 09:50:41,846] {manager.py:809} INFO - 
================================================================================
DAG File Processing Stats

File Path                        PID    Runtime      # DAGs    # Errors  Last Runtime    Last Run
-------------------------------  -----  ---------  --------  ----------  --------------  -------------------
/opt/airflow/dags/crypto_dag.py                           1           0  0.38s           2025-06-30T09:50:13
================================================================================
[2025-06-30 09:51:12,012] {manager.py:809} INFO - 
================================================================================
DAG File Processing Stats

File Path                        PID    Runtime      # DAGs    # Errors  Last Runtime    Last Run
-------------------------------  -----  ---------  --------  ----------  --------------  -------------------
/opt/airflow/dags/crypto_dag.py                           1           0  0.37s           2025-06-30T09:50:44
================================================================================
[2025-06-30 09:51:42,564] {manager.py:809} INFO - 
================================================================================
DAG File Processing Stats

File Path                        PID    Runtime      # DAGs    # Errors  Last Runtime    Last Run
-------------------------------  -----  ---------  --------  ----------  --------------  -------------------
/opt/airflow/dags/crypto_dag.py                           1           0  0.33s           2025-06-30T09:51:14
================================================================================
[2025-06-30 09:52:13,006] {manager.py:809} INFO - 
================================================================================
DAG File Processing Stats

File Path                        PID    Runtime      # DAGs    # Errors  Last Runtime    Last Run
-------------------------------  -----  ---------  --------  ----------  --------------  -------------------
/opt/airflow/dags/crypto_dag.py                           1           0  0.41s           2025-06-30T09:51:45
================================================================================
[2025-06-30 09:52:20,525] {manager.py:462} INFO - Exiting gracefully upon receiving signal 15
[2025-06-30 09:53:51,872] {manager.py:480} INFO - Processing files using up to 2 processes at a time 
[2025-06-30 09:53:51,873] {manager.py:481} INFO - Process each file at most once every 30 seconds
[2025-06-30 09:53:51,873] {manager.py:482} INFO - Checking for new files in /opt/airflow/dags every 300 seconds
[2025-06-30 09:53:51,873] {manager.py:690} INFO - Searching for files in /opt/airflow/dags
[2025-06-30 09:53:51,874] {manager.py:693} INFO - There are 1 files in /opt/airflow/dags
[2025-06-30 09:53:51,897] {manager.py:809} INFO - 
================================================================================
DAG File Processing Stats

File Path                          PID  Runtime      # DAGs    # Errors  Last Runtime    Last Run
-------------------------------  -----  ---------  --------  ----------  --------------  ----------
/opt/airflow/dags/crypto_dag.py     33  0.01s             0           0
================================================================================
[2025-06-30 09:54:15,120] {manager.py:462} INFO - Exiting gracefully upon receiving signal 15
[2025-06-30 09:54:53,843] {manager.py:480} INFO - Processing files using up to 2 processes at a time 
[2025-06-30 09:54:53,844] {manager.py:481} INFO - Process each file at most once every 30 seconds
[2025-06-30 09:54:53,844] {manager.py:482} INFO - Checking for new files in /opt/airflow/dags every 300 seconds
[2025-06-30 09:54:53,844] {manager.py:690} INFO - Searching for files in /opt/airflow/dags
[2025-06-30 09:54:53,845] {manager.py:693} INFO - There are 1 files in /opt/airflow/dags
[2025-06-30 09:54:53,882] {manager.py:809} INFO - 
================================================================================
DAG File Processing Stats

File Path                          PID  Runtime      # DAGs    # Errors  Last Runtime    Last Run
-------------------------------  -----  ---------  --------  ----------  --------------  ----------
/opt/airflow/dags/crypto_dag.py     33  0.01s             0           0
================================================================================
[2025-06-30 09:55:23,944] {manager.py:809} INFO - 
================================================================================
DAG File Processing Stats

File Path                        PID    Runtime      # DAGs    # Errors  Last Runtime    Last Run
-------------------------------  -----  ---------  --------  ----------  --------------  -------------------
/opt/airflow/dags/crypto_dag.py                           1           0  0.93s           2025-06-30T09:54:54
================================================================================
[2025-06-30 09:55:54,190] {manager.py:809} INFO - 
================================================================================
DAG File Processing Stats

File Path                        PID    Runtime      # DAGs    # Errors  Last Runtime    Last Run
-------------------------------  -----  ---------  --------  ----------  --------------  -------------------
/opt/airflow/dags/crypto_dag.py                           1           0  0.42s           2025-06-30T09:55:25
================================================================================
[2025-06-30 09:56:24,673] {manager.py:809} INFO - 
================================================================================
DAG File Processing Stats

File Path                        PID    Runtime      # DAGs    # Errors  Last Runtime    Last Run
-------------------------------  -----  ---------  --------  ----------  --------------  -------------------
/opt/airflow/dags/crypto_dag.py                           1           0  0.39s           2025-06-30T09:55:55
================================================================================
[2025-06-30 09:56:55,208] {manager.py:809} INFO - 
================================================================================
DAG File Processing Stats

File Path                        PID    Runtime      # DAGs    # Errors  Last Runtime    Last Run
-------------------------------  -----  ---------  --------  ----------  --------------  -------------------
/opt/airflow/dags/crypto_dag.py                           1           0  0.46s           2025-06-30T09:56:26
================================================================================
[2025-06-30 09:57:25,233] {manager.py:809} INFO - 
================================================================================
DAG File Processing Stats

File Path                        PID    Runtime      # DAGs    # Errors  Last Runtime    Last Run
-------------------------------  -----  ---------  --------  ----------  --------------  -------------------
/opt/airflow/dags/crypto_dag.py                           1           0  0.39s           2025-06-30T09:56:57
================================================================================
[2025-06-30 09:57:55,424] {manager.py:809} INFO - 
================================================================================
DAG File Processing Stats

File Path                        PID    Runtime      # DAGs    # Errors  Last Runtime    Last Run
-------------------------------  -----  ---------  --------  ----------  --------------  -------------------
/opt/airflow/dags/crypto_dag.py                           1           0  0.44s           2025-06-30T09:57:27
================================================================================
[2025-06-30 09:58:25,978] {manager.py:809} INFO - 
================================================================================
DAG File Processing Stats

File Path                        PID    Runtime      # DAGs    # Errors  Last Runtime    Last Run
-------------------------------  -----  ---------  --------  ----------  --------------  -------------------
/opt/airflow/dags/crypto_dag.py                           1           0  0.32s           2025-06-30T09:57:58
================================================================================
[2025-06-30 09:58:56,479] {manager.py:809} INFO - 
================================================================================
DAG File Processing Stats

File Path                        PID    Runtime      # DAGs    # Errors  Last Runtime    Last Run
-------------------------------  -----  ---------  --------  ----------  --------------  -------------------
/opt/airflow/dags/crypto_dag.py                           1           0  0.39s           2025-06-30T09:58:28
================================================================================
[2025-06-30 09:59:26,998] {manager.py:809} INFO - 
================================================================================
DAG File Processing Stats

File Path                        PID    Runtime      # DAGs    # Errors  Last Runtime    Last Run
-------------------------------  -----  ---------  --------  ----------  --------------  -------------------
/opt/airflow/dags/crypto_dag.py                           1           0  0.41s           2025-06-30T09:58:59
================================================================================
[2025-06-30 09:59:53,877] {manager.py:690} INFO - Searching for files in /opt/airflow/dags
[2025-06-30 09:59:53,881] {manager.py:693} INFO - There are 1 files in /opt/airflow/dags
[2025-06-30 09:59:57,581] {manager.py:809} INFO - 
================================================================================
DAG File Processing Stats

File Path                        PID    Runtime      # DAGs    # Errors  Last Runtime    Last Run
-------------------------------  -----  ---------  --------  ----------  --------------  -------------------
/opt/airflow/dags/crypto_dag.py                           1           0  0.37s           2025-06-30T09:59:29
================================================================================
[2025-06-30 10:00:28,119] {manager.py:809} INFO - 
================================================================================
DAG File Processing Stats

File Path                        PID    Runtime      # DAGs    # Errors  Last Runtime    Last Run
-------------------------------  -----  ---------  --------  ----------  --------------  -------------------
/opt/airflow/dags/crypto_dag.py                           1           0  0.38s           2025-06-30T10:00:00
================================================================================
[2025-06-30 10:00:58,635] {manager.py:809} INFO - 
================================================================================
DAG File Processing Stats

File Path                        PID    Runtime      # DAGs    # Errors  Last Runtime    Last Run
-------------------------------  -----  ---------  --------  ----------  --------------  -------------------
/opt/airflow/dags/crypto_dag.py                           1           0  0.40s           2025-06-30T10:00:30
================================================================================
[2025-06-30 10:01:29,202] {manager.py:809} INFO - 
================================================================================
DAG File Processing Stats

File Path                        PID    Runtime      # DAGs    # Errors  Last Runtime    Last Run
-------------------------------  -----  ---------  --------  ----------  --------------  -------------------
/opt/airflow/dags/crypto_dag.py                           1           0  0.42s           2025-06-30T10:01:01
================================================================================
[2025-06-30 10:01:59,777] {manager.py:809} INFO - 
================================================================================
DAG File Processing Stats

File Path                        PID    Runtime      # DAGs    # Errors  Last Runtime    Last Run
-------------------------------  -----  ---------  --------  ----------  --------------  -------------------
/opt/airflow/dags/crypto_dag.py                           1           0  0.45s           2025-06-30T10:01:32
================================================================================
[2025-06-30 10:02:30,368] {manager.py:809} INFO - 
================================================================================
DAG File Processing Stats

File Path                        PID    Runtime      # DAGs    # Errors  Last Runtime    Last Run
-------------------------------  -----  ---------  --------  ----------  --------------  -------------------
/opt/airflow/dags/crypto_dag.py                           1           0  0.43s           2025-06-30T10:02:02
================================================================================
[2025-06-30 10:03:00,943] {manager.py:809} INFO - 
================================================================================
DAG File Processing Stats

File Path                        PID    Runtime      # DAGs    # Errors  Last Runtime    Last Run
-------------------------------  -----  ---------  --------  ----------  --------------  -------------------
/opt/airflow/dags/crypto_dag.py                           1           0  0.37s           2025-06-30T10:02:33
================================================================================
[2025-06-30 10:03:31,462] {manager.py:809} INFO - 
================================================================================
DAG File Processing Stats

File Path                        PID    Runtime      # DAGs    # Errors  Last Runtime    Last Run
-------------------------------  -----  ---------  --------  ----------  --------------  -------------------
/opt/airflow/dags/crypto_dag.py                           1           0  0.40s           2025-06-30T10:03:03
================================================================================
[2025-06-30 10:04:02,018] {manager.py:809} INFO - 
================================================================================
DAG File Processing Stats

File Path                        PID    Runtime      # DAGs    # Errors  Last Runtime    Last Run
-------------------------------  -----  ---------  --------  ----------  --------------  -------------------
/opt/airflow/dags/crypto_dag.py                           1           0  0.32s           2025-06-30T10:03:34
================================================================================
[2025-06-30 10:04:32,516] {manager.py:809} INFO - 
================================================================================
DAG File Processing Stats

File Path                        PID    Runtime      # DAGs    # Errors  Last Runtime    Last Run
-------------------------------  -----  ---------  --------  ----------  --------------  -------------------
/opt/airflow/dags/crypto_dag.py                           1           0  0.37s           2025-06-30T10:04:04
================================================================================
[2025-06-30 10:04:53,973] {manager.py:690} INFO - Searching for files in /opt/airflow/dags
[2025-06-30 10:04:53,976] {manager.py:693} INFO - There are 1 files in /opt/airflow/dags
[2025-06-30 10:05:03,044] {manager.py:809} INFO - 
================================================================================
DAG File Processing Stats

File Path                        PID    Runtime      # DAGs    # Errors  Last Runtime    Last Run
-------------------------------  -----  ---------  --------  ----------  --------------  -------------------
/opt/airflow/dags/crypto_dag.py                           1           0  0.39s           2025-06-30T10:04:35
================================================================================
[2025-06-30 10:05:33,550] {manager.py:809} INFO - 
================================================================================
DAG File Processing Stats

File Path                        PID    Runtime      # DAGs    # Errors  Last Runtime    Last Run
-------------------------------  -----  ---------  --------  ----------  --------------  -------------------
/opt/airflow/dags/crypto_dag.py                           1           0  0.39s           2025-06-30T10:05:05
================================================================================
[2025-06-30 10:06:04,102] {manager.py:809} INFO - 
================================================================================
DAG File Processing Stats

File Path                        PID    Runtime      # DAGs    # Errors  Last Runtime    Last Run
-------------------------------  -----  ---------  --------  ----------  --------------  -------------------
/opt/airflow/dags/crypto_dag.py                           1           0  0.36s           2025-06-30T10:05:36
================================================================================
[2025-06-30 10:06:34,680] {manager.py:809} INFO - 
================================================================================
DAG File Processing Stats

File Path                        PID    Runtime      # DAGs    # Errors  Last Runtime    Last Run
-------------------------------  -----  ---------  --------  ----------  --------------  -------------------
/opt/airflow/dags/crypto_dag.py                           1           0  0.38s           2025-06-30T10:06:06
================================================================================
[2025-06-30 10:07:05,214] {manager.py:809} INFO - 
================================================================================
DAG File Processing Stats

File Path                        PID    Runtime      # DAGs    # Errors  Last Runtime    Last Run
-------------------------------  -----  ---------  --------  ----------  --------------  -------------------
/opt/airflow/dags/crypto_dag.py                           1           0  0.36s           2025-06-30T10:06:37
================================================================================
[2025-06-30 10:07:35,842] {manager.py:809} INFO - 
================================================================================
DAG File Processing Stats

File Path                        PID    Runtime      # DAGs    # Errors  Last Runtime    Last Run
-------------------------------  -----  ---------  --------  ----------  --------------  -------------------
/opt/airflow/dags/crypto_dag.py                           1           0  0.36s           2025-06-30T10:07:07
================================================================================
[2025-06-30 10:08:06,398] {manager.py:809} INFO - 
================================================================================
DAG File Processing Stats

File Path                        PID    Runtime      # DAGs    # Errors  Last Runtime    Last Run
-------------------------------  -----  ---------  --------  ----------  --------------  -------------------
/opt/airflow/dags/crypto_dag.py                           1           0  0.37s           2025-06-30T10:07:38
================================================================================
[2025-06-30 10:08:36,934] {manager.py:809} INFO - 
================================================================================
DAG File Processing Stats

File Path                        PID    Runtime      # DAGs    # Errors  Last Runtime    Last Run
-------------------------------  -----  ---------  --------  ----------  --------------  -------------------
/opt/airflow/dags/crypto_dag.py                           1           0  0.47s           2025-06-30T10:08:09
================================================================================
[2025-06-30 10:09:07,062] {manager.py:809} INFO - 
================================================================================
DAG File Processing Stats

File Path                        PID    Runtime      # DAGs    # Errors  Last Runtime    Last Run
-------------------------------  -----  ---------  --------  ----------  --------------  -------------------
/opt/airflow/dags/crypto_dag.py                           1           0  0.37s           2025-06-30T10:08:39
================================================================================
[2025-06-30 10:09:37,293] {manager.py:809} INFO - 
================================================================================
DAG File Processing Stats

File Path                        PID    Runtime      # DAGs    # Errors  Last Runtime    Last Run
-------------------------------  -----  ---------  --------  ----------  --------------  -------------------
/opt/airflow/dags/crypto_dag.py                           1           0  0.34s           2025-06-30T10:09:10
================================================================================
[2025-06-30 10:09:54,204] {manager.py:690} INFO - Searching for files in /opt/airflow/dags
[2025-06-30 10:09:54,207] {manager.py:693} INFO - There are 1 files in /opt/airflow/dags
[2025-06-30 10:10:07,330] {manager.py:809} INFO - 
================================================================================
DAG File Processing Stats

File Path                        PID    Runtime      # DAGs    # Errors  Last Runtime    Last Run
-------------------------------  -----  ---------  --------  ----------  --------------  -------------------
/opt/airflow/dags/crypto_dag.py                           1           0  0.38s           2025-06-30T10:09:41
================================================================================
[2025-06-30 10:10:37,501] {manager.py:809} INFO - 
================================================================================
DAG File Processing Stats

File Path                        PID    Runtime      # DAGs    # Errors  Last Runtime    Last Run
-------------------------------  -----  ---------  --------  ----------  --------------  -------------------
/opt/airflow/dags/crypto_dag.py                           1           0  0.40s           2025-06-30T10:10:11
================================================================================
[2025-06-30 10:11:08,066] {manager.py:809} INFO - 
================================================================================
DAG File Processing Stats

File Path                        PID    Runtime      # DAGs    # Errors  Last Runtime    Last Run
-------------------------------  -----  ---------  --------  ----------  --------------  -------------------
/opt/airflow/dags/crypto_dag.py                           1           0  0.43s           2025-06-30T10:10:42
================================================================================
[2025-06-30 10:11:38,643] {manager.py:809} INFO - 
================================================================================
DAG File Processing Stats

File Path                        PID    Runtime      # DAGs    # Errors  Last Runtime    Last Run
-------------------------------  -----  ---------  --------  ----------  --------------  -------------------
/opt/airflow/dags/crypto_dag.py                           1           0  0.41s           2025-06-30T10:11:12
================================================================================
[2025-06-30 10:12:09,170] {manager.py:809} INFO - 
================================================================================
DAG File Processing Stats

File Path                        PID    Runtime      # DAGs    # Errors  Last Runtime    Last Run
-------------------------------  -----  ---------  --------  ----------  --------------  -------------------
/opt/airflow/dags/crypto_dag.py                           1           0  0.40s           2025-06-30T10:11:43
================================================================================
[2025-06-30 10:12:39,756] {manager.py:809} INFO - 
================================================================================
DAG File Processing Stats

File Path                        PID    Runtime      # DAGs    # Errors  Last Runtime    Last Run
-------------------------------  -----  ---------  --------  ----------  --------------  -------------------
/opt/airflow/dags/crypto_dag.py                           1           0  0.40s           2025-06-30T10:12:13
================================================================================
[2025-06-30 10:13:10,307] {manager.py:809} INFO - 
================================================================================
DAG File Processing Stats

File Path                        PID    Runtime      # DAGs    # Errors  Last Runtime    Last Run
-------------------------------  -----  ---------  --------  ----------  --------------  -------------------
/opt/airflow/dags/crypto_dag.py                           1           0  0.37s           2025-06-30T10:12:44
================================================================================
[2025-06-30 10:13:40,859] {manager.py:809} INFO - 
================================================================================
DAG File Processing Stats

File Path                        PID    Runtime      # DAGs    # Errors  Last Runtime    Last Run
-------------------------------  -----  ---------  --------  ----------  --------------  -------------------
/opt/airflow/dags/crypto_dag.py                           1           0  0.41s           2025-06-30T10:13:15
================================================================================
[2025-06-30 10:14:11,397] {manager.py:809} INFO - 
================================================================================
DAG File Processing Stats

File Path                        PID    Runtime      # DAGs    # Errors  Last Runtime    Last Run
-------------------------------  -----  ---------  --------  ----------  --------------  -------------------
/opt/airflow/dags/crypto_dag.py                           1           0  0.47s           2025-06-30T10:13:45
================================================================================
[2025-06-30 10:14:42,028] {manager.py:809} INFO - 
================================================================================
DAG File Processing Stats

File Path                        PID    Runtime      # DAGs    # Errors  Last Runtime    Last Run
-------------------------------  -----  ---------  --------  ----------  --------------  -------------------
/opt/airflow/dags/crypto_dag.py                           1           0  0.35s           2025-06-30T10:14:16
================================================================================
[2025-06-30 10:14:54,450] {manager.py:690} INFO - Searching for files in /opt/airflow/dags
[2025-06-30 10:14:54,457] {manager.py:693} INFO - There are 1 files in /opt/airflow/dags
[2025-06-30 10:15:12,569] {manager.py:809} INFO - 
================================================================================
DAG File Processing Stats

File Path                        PID    Runtime      # DAGs    # Errors  Last Runtime    Last Run
-------------------------------  -----  ---------  --------  ----------  --------------  -------------------
/opt/airflow/dags/crypto_dag.py                           1           0  0.38s           2025-06-30T10:14:46
================================================================================
[2025-06-30 10:15:43,072] {manager.py:809} INFO - 
================================================================================
DAG File Processing Stats

File Path                        PID    Runtime      # DAGs    # Errors  Last Runtime    Last Run
-------------------------------  -----  ---------  --------  ----------  --------------  -------------------
/opt/airflow/dags/crypto_dag.py                           1           0  0.37s           2025-06-30T10:15:17
================================================================================
[2025-06-30 10:16:13,652] {manager.py:809} INFO - 
================================================================================
DAG File Processing Stats

File Path                        PID    Runtime      # DAGs    # Errors  Last Runtime    Last Run
-------------------------------  -----  ---------  --------  ----------  --------------  -------------------
/opt/airflow/dags/crypto_dag.py                           1           0  0.40s           2025-06-30T10:15:47
================================================================================
[2025-06-30 10:16:44,176] {manager.py:809} INFO - 
================================================================================
DAG File Processing Stats

File Path                        PID    Runtime      # DAGs    # Errors  Last Runtime    Last Run
-------------------------------  -----  ---------  --------  ----------  --------------  -------------------
/opt/airflow/dags/crypto_dag.py                           1           0  0.38s           2025-06-30T10:16:18
================================================================================
[2025-06-30 10:17:14,705] {manager.py:809} INFO - 
================================================================================
DAG File Processing Stats

File Path                        PID    Runtime      # DAGs    # Errors  Last Runtime    Last Run
-------------------------------  -----  ---------  --------  ----------  --------------  -------------------
/opt/airflow/dags/crypto_dag.py                           1           0  0.37s           2025-06-30T10:16:48
================================================================================
[2025-06-30 10:17:45,251] {manager.py:809} INFO - 
================================================================================
DAG File Processing Stats

File Path                        PID    Runtime      # DAGs    # Errors  Last Runtime    Last Run
-------------------------------  -----  ---------  --------  ----------  --------------  -------------------
/opt/airflow/dags/crypto_dag.py                           1           0  0.38s           2025-06-30T10:17:19
================================================================================
[2025-06-30 10:18:15,782] {manager.py:809} INFO - 
================================================================================
DAG File Processing Stats

File Path                        PID    Runtime      # DAGs    # Errors  Last Runtime    Last Run
-------------------------------  -----  ---------  --------  ----------  --------------  -------------------
/opt/airflow/dags/crypto_dag.py                           1           0  0.37s           2025-06-30T10:17:49
================================================================================
[2025-06-30 10:18:46,216] {manager.py:809} INFO - 
================================================================================
DAG File Processing Stats

File Path                        PID    Runtime      # DAGs    # Errors  Last Runtime    Last Run
-------------------------------  -----  ---------  --------  ----------  --------------  -------------------
/opt/airflow/dags/crypto_dag.py                           1           0  0.40s           2025-06-30T10:18:20
================================================================================
[2025-06-30 10:19:16,241] {manager.py:809} INFO - 
================================================================================
DAG File Processing Stats

File Path                        PID    Runtime      # DAGs    # Errors  Last Runtime    Last Run
-------------------------------  -----  ---------  --------  ----------  --------------  -------------------
/opt/airflow/dags/crypto_dag.py                           1           0  0.48s           2025-06-30T10:18:51
================================================================================
[2025-06-30 10:19:46,420] {manager.py:809} INFO - 
================================================================================
DAG File Processing Stats

File Path                        PID    Runtime      # DAGs    # Errors  Last Runtime    Last Run
-------------------------------  -----  ---------  --------  ----------  --------------  -------------------
/opt/airflow/dags/crypto_dag.py                           1           0  0.42s           2025-06-30T10:19:21
================================================================================
[2025-06-30 10:19:54,869] {manager.py:690} INFO - Searching for files in /opt/airflow/dags
[2025-06-30 10:19:54,872] {manager.py:693} INFO - There are 1 files in /opt/airflow/dags
[2025-06-30 10:20:16,434] {manager.py:809} INFO - 
================================================================================
DAG File Processing Stats

File Path                        PID    Runtime      # DAGs    # Errors  Last Runtime    Last Run
-------------------------------  -----  ---------  --------  ----------  --------------  -------------------
/opt/airflow/dags/crypto_dag.py                           1           0  0.46s           2025-06-30T10:19:52
================================================================================
[2025-06-30 10:20:46,628] {manager.py:809} INFO - 
================================================================================
DAG File Processing Stats

File Path                        PID    Runtime      # DAGs    # Errors  Last Runtime    Last Run
-------------------------------  -----  ---------  --------  ----------  --------------  -------------------
/opt/airflow/dags/crypto_dag.py                           1           0  0.40s           2025-06-30T10:20:22
================================================================================
[2025-06-30 10:21:17,179] {manager.py:809} INFO - 
================================================================================
DAG File Processing Stats

File Path                        PID    Runtime      # DAGs    # Errors  Last Runtime    Last Run
-------------------------------  -----  ---------  --------  ----------  --------------  -------------------
/opt/airflow/dags/crypto_dag.py                           1           0  0.38s           2025-06-30T10:20:53
================================================================================
[2025-06-30 10:21:47,145] {manager.py:462} INFO - Exiting gracefully upon receiving signal 15
