[2025-06-30T10:27:09.730+0000] {manager.py:483} INFO - Processing files using up to 2 processes at a time 
[2025-06-30T10:27:09.730+0000] {manager.py:484} INFO - Process each file at most once every 30 seconds
[2025-06-30T10:27:09.730+0000] {manager.py:485} INFO - Checking for new files in /opt/airflow/dags every 300 seconds
[2025-06-30T10:27:09.730+0000] {manager.py:821} INFO - Searching for files in /opt/airflow/dags
[2025-06-30T10:27:09.731+0000] {manager.py:824} INFO - There are 1 files in /opt/airflow/dags
[2025-06-30T10:27:09.777+0000] {manager.py:997} INFO - 
================================================================================
DAG File Processing Stats

File Path                         PID  Runtime      # DAGs    # Errors  Last Runtime    Last Run      Last # of DB Queries
------------------------------  -----  ---------  --------  ----------  --------------  ----------  ----------------------
/opt/airflow/dags/covid-dag.py     40  0.01s             0           0                                                   0
================================================================================
[2025-06-30T10:27:40.008+0000] {manager.py:997} INFO - 
================================================================================
DAG File Processing Stats

File Path                       PID    Runtime      # DAGs    # Errors  Last Runtime    Last Run               Last # of DB Queries
------------------------------  -----  ---------  --------  ----------  --------------  -------------------  ----------------------
/opt/airflow/dags/covid-dag.py                           1           0  1.28s           2025-06-30T10:27:11                      45
================================================================================
[2025-06-30T10:28:10.572+0000] {manager.py:997} INFO - 
================================================================================
DAG File Processing Stats

File Path                       PID    Runtime      # DAGs    # Errors  Last Runtime    Last Run               Last # of DB Queries
------------------------------  -----  ---------  --------  ----------  --------------  -------------------  ----------------------
/opt/airflow/dags/covid-dag.py                           1           0  0.30s           2025-06-30T10:27:41                      12
================================================================================
[2025-06-30T10:28:41.154+0000] {manager.py:997} INFO - 
================================================================================
DAG File Processing Stats

File Path                       PID    Runtime      # DAGs    # Errors  Last Runtime    Last Run               Last # of DB Queries
------------------------------  -----  ---------  --------  ----------  --------------  -------------------  ----------------------
/opt/airflow/dags/covid-dag.py                           1           0  0.32s           2025-06-30T10:28:12                      12
================================================================================
[2025-06-30T10:29:11.747+0000] {manager.py:997} INFO - 
================================================================================
DAG File Processing Stats

File Path                       PID    Runtime      # DAGs    # Errors  Last Runtime    Last Run               Last # of DB Queries
------------------------------  -----  ---------  --------  ----------  --------------  -------------------  ----------------------
/opt/airflow/dags/covid-dag.py                           1           0  0.26s           2025-06-30T10:28:42                      12
================================================================================
[2025-06-30T10:29:42.261+0000] {manager.py:997} INFO - 
================================================================================
DAG File Processing Stats

File Path                       PID    Runtime      # DAGs    # Errors  Last Runtime    Last Run               Last # of DB Queries
------------------------------  -----  ---------  --------  ----------  --------------  -------------------  ----------------------
/opt/airflow/dags/covid-dag.py                           1           0  0.25s           2025-06-30T10:29:13                      12
================================================================================
[2025-06-30T10:30:12.541+0000] {manager.py:997} INFO - 
================================================================================
DAG File Processing Stats

File Path                       PID    Runtime      # DAGs    # Errors  Last Runtime    Last Run               Last # of DB Queries
------------------------------  -----  ---------  --------  ----------  --------------  -------------------  ----------------------
/opt/airflow/dags/covid-dag.py                           1           0  0.24s           2025-06-30T10:29:43                      12
================================================================================
[2025-06-30T10:30:42.797+0000] {manager.py:997} INFO - 
================================================================================
DAG File Processing Stats

File Path                       PID    Runtime      # DAGs    # Errors  Last Runtime    Last Run               Last # of DB Queries
------------------------------  -----  ---------  --------  ----------  --------------  -------------------  ----------------------
/opt/airflow/dags/covid-dag.py                           1           0  0.22s           2025-06-30T10:30:13                      12
================================================================================
[2025-06-30T10:31:13.337+0000] {manager.py:997} INFO - 
================================================================================
DAG File Processing Stats

File Path                       PID    Runtime      # DAGs    # Errors  Last Runtime    Last Run               Last # of DB Queries
------------------------------  -----  ---------  --------  ----------  --------------  -------------------  ----------------------
/opt/airflow/dags/covid-dag.py                           1           0  0.30s           2025-06-30T10:30:44                      12
================================================================================
[2025-06-30T10:31:43.626+0000] {manager.py:997} INFO - 
================================================================================
DAG File Processing Stats

File Path                       PID    Runtime      # DAGs    # Errors  Last Runtime    Last Run               Last # of DB Queries
------------------------------  -----  ---------  --------  ----------  --------------  -------------------  ----------------------
/opt/airflow/dags/covid-dag.py                           1           0  0.38s           2025-06-30T10:31:14                      12
================================================================================
[2025-06-30T10:32:10.249+0000] {manager.py:821} INFO - Searching for files in /opt/airflow/dags
[2025-06-30T10:32:10.255+0000] {manager.py:824} INFO - There are 1 files in /opt/airflow/dags
[2025-06-30T10:32:14.302+0000] {manager.py:997} INFO - 
================================================================================
DAG File Processing Stats

File Path                       PID    Runtime      # DAGs    # Errors  Last Runtime    Last Run               Last # of DB Queries
------------------------------  -----  ---------  --------  ----------  --------------  -------------------  ----------------------
/opt/airflow/dags/covid-dag.py                           1           0  0.23s           2025-06-30T10:31:45                      12
================================================================================
[2025-06-30T10:32:44.761+0000] {manager.py:997} INFO - 
================================================================================
DAG File Processing Stats

File Path                       PID    Runtime      # DAGs    # Errors  Last Runtime    Last Run               Last # of DB Queries
------------------------------  -----  ---------  --------  ----------  --------------  -------------------  ----------------------
/opt/airflow/dags/covid-dag.py                           1           0  0.27s           2025-06-30T10:32:15                      12
================================================================================
[2025-06-30T10:33:15.093+0000] {manager.py:997} INFO - 
================================================================================
DAG File Processing Stats

File Path                       PID    Runtime      # DAGs    # Errors  Last Runtime    Last Run               Last # of DB Queries
------------------------------  -----  ---------  --------  ----------  --------------  -------------------  ----------------------
/opt/airflow/dags/covid-dag.py                           1           0  0.26s           2025-06-30T10:32:46                      12
================================================================================
[2025-06-30T10:33:45.580+0000] {manager.py:997} INFO - 
================================================================================
DAG File Processing Stats

File Path                       PID    Runtime      # DAGs    # Errors  Last Runtime    Last Run               Last # of DB Queries
------------------------------  -----  ---------  --------  ----------  --------------  -------------------  ----------------------
/opt/airflow/dags/covid-dag.py                           1           0  0.24s           2025-06-30T10:33:16                      12
================================================================================
[2025-06-30T10:34:15.895+0000] {manager.py:997} INFO - 
================================================================================
DAG File Processing Stats

File Path                       PID    Runtime      # DAGs    # Errors  Last Runtime    Last Run               Last # of DB Queries
------------------------------  -----  ---------  --------  ----------  --------------  -------------------  ----------------------
/opt/airflow/dags/covid-dag.py                           1           0  0.25s           2025-06-30T10:33:46                      12
================================================================================
[2025-06-30T10:34:46.394+0000] {manager.py:997} INFO - 
================================================================================
DAG File Processing Stats

File Path                       PID    Runtime      # DAGs    # Errors  Last Runtime    Last Run               Last # of DB Queries
------------------------------  -----  ---------  --------  ----------  --------------  -------------------  ----------------------
/opt/airflow/dags/covid-dag.py                           1           0  0.31s           2025-06-30T10:34:17                      12
================================================================================
[2025-06-30T10:34:48.395+0000] {manager.py:465} INFO - Exiting gracefully upon receiving signal 15
