[2025-06-30 10:13:47,012] {taskinstance.py:1159} INFO - Dependencies all met for <TaskInstance: crypto_dag.fetch_btc_infos scheduled__2025-06-30T09:00:00+00:00 [queued]>
[2025-06-30 10:13:47,016] {taskinstance.py:1159} INFO - Dependencies all met for <TaskInstance: crypto_dag.fetch_btc_infos scheduled__2025-06-30T09:00:00+00:00 [queued]>
[2025-06-30 10:13:47,016] {taskinstance.py:1356} INFO - 
--------------------------------------------------------------------------------
[2025-06-30 10:13:47,016] {taskinstance.py:1357} INFO - Starting attempt 1 of 1
[2025-06-30 10:13:47,016] {taskinstance.py:1358} INFO - 
--------------------------------------------------------------------------------
[2025-06-30 10:13:47,022] {taskinstance.py:1377} INFO - Executing <Task(PythonOperator): fetch_btc_infos> on 2025-06-30 09:00:00+00:00
[2025-06-30 10:13:47,025] {standard_task_runner.py:52} INFO - Started process 895 to run task
[2025-06-30 10:13:47,027] {standard_task_runner.py:79} INFO - Running: ['***', 'tasks', 'run', 'crypto_dag', 'fetch_btc_infos', 'scheduled__2025-06-30T09:00:00+00:00', '--job-id', '7', '--raw', '--subdir', 'DAGS_FOLDER/crypto_dag.py', '--cfg-path', '/tmp/tmpq832p2by', '--error-file', '/tmp/tmpet87y7kb']
[2025-06-30 10:13:47,028] {standard_task_runner.py:80} INFO - Job 7: Subtask fetch_btc_infos
[2025-06-30 10:13:47,054] {task_command.py:370} INFO - Running <TaskInstance: crypto_dag.fetch_btc_infos scheduled__2025-06-30T09:00:00+00:00 [running]> on host f422ad9a977d
[2025-06-30 10:13:47,088] {taskinstance.py:1569} INFO - Exporting the following env vars:
AIRFLOW_CTX_DAG_OWNER=***
AIRFLOW_CTX_DAG_ID=crypto_dag
AIRFLOW_CTX_TASK_ID=fetch_btc_infos
AIRFLOW_CTX_EXECUTION_DATE=2025-06-30T09:00:00+00:00
AIRFLOW_CTX_TRY_NUMBER=1
AIRFLOW_CTX_DAG_RUN_ID=scheduled__2025-06-30T09:00:00+00:00
[2025-06-30 10:13:47,503] {crypto_dag.py:19} INFO - BTC dumped into 1751278427.503098.json 👍
[2025-06-30 10:13:47,517] {python.py:173} INFO - Done. Returned value was: None
[2025-06-30 10:13:47,522] {taskinstance.py:1395} INFO - Marking task as SUCCESS. dag_id=crypto_dag, task_id=fetch_btc_infos, execution_date=20250630T090000, start_date=20250630T101347, end_date=20250630T101347
[2025-06-30 10:13:47,543] {local_task_job.py:156} INFO - Task exited with return code 0
[2025-06-30 10:13:47,557] {local_task_job.py:273} INFO - 1 downstream tasks scheduled from follow-on schedule check
