[2025-06-30T10:31:38.539+0000] {local_task_job_runner.py:123} INFO - ::group::Pre task execution logs
[2025-06-30T10:31:38.546+0000] {taskinstance.py:2631} INFO - Dependencies all met for dep_context=non-requeueable deps ti=<TaskInstance: covid_dag.transform_covid_datas scheduled__2025-06-29T00:00:00+00:00 [queued]>
[2025-06-30T10:31:38.549+0000] {taskinstance.py:2631} INFO - Dependencies all met for dep_context=requeueable deps ti=<TaskInstance: covid_dag.transform_covid_datas scheduled__2025-06-29T00:00:00+00:00 [queued]>
[2025-06-30T10:31:38.549+0000] {taskinstance.py:2884} INFO - Starting attempt 1 of 1
[2025-06-30T10:31:38.554+0000] {taskinstance.py:2907} INFO - Executing <Task(PythonOperator): transform_covid_datas> on 2025-06-29 00:00:00+00:00
[2025-06-30T10:31:38.556+0000] {warnings.py:112} WARNING - /home/***/.local/lib/python3.12/site-packages/***/task/task_runner/standard_task_runner.py:70: DeprecationWarning: This process (pid=128) is multi-threaded, use of fork() may lead to deadlocks in the child.
  pid = os.fork()

[2025-06-30T10:31:38.557+0000] {standard_task_runner.py:72} INFO - Started process 130 to run task
[2025-06-30T10:31:38.557+0000] {standard_task_runner.py:104} INFO - Running: ['***', 'tasks', 'run', 'covid_dag', 'transform_covid_datas', 'scheduled__2025-06-29T00:00:00+00:00', '--job-id', '4', '--raw', '--subdir', 'DAGS_FOLDER/covid-dag.py', '--cfg-path', '/tmp/tmp2qq1f1f5']
[2025-06-30T10:31:38.558+0000] {standard_task_runner.py:105} INFO - Job 4: Subtask transform_covid_datas
[2025-06-30T10:31:38.576+0000] {task_command.py:467} INFO - Running <TaskInstance: covid_dag.transform_covid_datas scheduled__2025-06-29T00:00:00+00:00 [running]> on host 8b34973e9eba
[2025-06-30T10:31:38.670+0000] {taskinstance.py:3157} INFO - Exporting env vars: AIRFLOW_CTX_DAG_OWNER='***' AIRFLOW_CTX_DAG_ID='covid_dag' AIRFLOW_CTX_TASK_ID='transform_covid_datas' AIRFLOW_CTX_EXECUTION_DATE='2025-06-29T00:00:00+00:00' AIRFLOW_CTX_TRY_NUMBER='1' AIRFLOW_CTX_DAG_RUN_ID='scheduled__2025-06-29T00:00:00+00:00'
[2025-06-30T10:31:38.670+0000] {taskinstance.py:740} INFO - ::endgroup::
[2025-06-30T10:31:38.674+0000] {covid-dag.py:35} INFO - Transforming COVID data
[2025-06-30T10:31:38.676+0000] {covid-dag.py:38} INFO - target_filename: ./data/raw-datas-2025-06-30.csv
[2025-06-30T10:31:38.751+0000] {warnings.py:112} WARNING - /opt/***/dags/covid-dag.py:40: DtypeWarning: Columns (0) have mixed types. Specify dtype option on import or set low_memory=False.
  df = pd.read_csv(filename)

[2025-06-30T10:31:38.773+0000] {covid-dag.py:49} INFO - Computed mean of new hospitalized cases per day and saved to ./data/mean-incid_hosp-2025-06-30.csv
[2025-06-30T10:31:38.774+0000] {python.py:240} INFO - Done. Returned value was: None
[2025-06-30T10:31:38.777+0000] {taskinstance.py:349} INFO - ::group::Post task execution logs
[2025-06-30T10:31:38.777+0000] {taskinstance.py:361} INFO - Marking task as SUCCESS. dag_id=covid_dag, task_id=transform_covid_datas, run_id=scheduled__2025-06-29T00:00:00+00:00, execution_date=20250629T000000, start_date=20250630T103138, end_date=20250630T103138
[2025-06-30T10:31:38.799+0000] {local_task_job_runner.py:266} INFO - Task exited with return code 0
[2025-06-30T10:31:38.804+0000] {taskinstance.py:3924} INFO - 0 downstream tasks scheduled from follow-on schedule check
[2025-06-30T10:31:38.806+0000] {local_task_job_runner.py:245} INFO - ::endgroup::
