[2025-06-30 10:13:47,013] {taskinstance.py:1159} INFO - Dependencies all met for <TaskInstance: crypto_dag.transform_data scheduled__2025-06-30T08:00:00+00:00 [queued]>
[2025-06-30 10:13:47,016] {taskinstance.py:1159} INFO - Dependencies all met for <TaskInstance: crypto_dag.transform_data scheduled__2025-06-30T08:00:00+00:00 [queued]>
[2025-06-30 10:13:47,016] {taskinstance.py:1356} INFO - 
--------------------------------------------------------------------------------
[2025-06-30 10:13:47,016] {taskinstance.py:1357} INFO - Starting attempt 1 of 1
[2025-06-30 10:13:47,016] {taskinstance.py:1358} INFO - 
--------------------------------------------------------------------------------
[2025-06-30 10:13:47,024] {taskinstance.py:1377} INFO - Executing <Task(PythonOperator): transform_data> on 2025-06-30 08:00:00+00:00
[2025-06-30 10:13:47,026] {standard_task_runner.py:52} INFO - Started process 896 to run task
[2025-06-30 10:13:47,029] {standard_task_runner.py:79} INFO - Running: ['***', 'tasks', 'run', 'crypto_dag', 'transform_data', 'scheduled__2025-06-30T08:00:00+00:00', '--job-id', '6', '--raw', '--subdir', 'DAGS_FOLDER/crypto_dag.py', '--cfg-path', '/tmp/tmpb9v3s_n1', '--error-file', '/tmp/tmphi_zazkk']
[2025-06-30 10:13:47,029] {standard_task_runner.py:80} INFO - Job 6: Subtask transform_data
[2025-06-30 10:13:47,054] {task_command.py:370} INFO - Running <TaskInstance: crypto_dag.transform_data scheduled__2025-06-30T08:00:00+00:00 [running]> on host f422ad9a977d
[2025-06-30 10:13:47,089] {taskinstance.py:1569} INFO - Exporting the following env vars:
AIRFLOW_CTX_DAG_OWNER=***
AIRFLOW_CTX_DAG_ID=crypto_dag
AIRFLOW_CTX_TASK_ID=transform_data
AIRFLOW_CTX_EXECUTION_DATE=2025-06-30T08:00:00+00:00
AIRFLOW_CTX_TRY_NUMBER=1
AIRFLOW_CTX_DAG_RUN_ID=scheduled__2025-06-30T08:00:00+00:00
[2025-06-30 10:13:47,100] {crypto_dag.py:38} INFO - Data saved in btc_history.csv 🥳
[2025-06-30 10:13:47,100] {python.py:173} INFO - Done. Returned value was: None
[2025-06-30 10:13:47,105] {taskinstance.py:1395} INFO - Marking task as SUCCESS. dag_id=crypto_dag, task_id=transform_data, execution_date=20250630T080000, start_date=20250630T101347, end_date=20250630T101347
[2025-06-30 10:13:47,131] {local_task_job.py:156} INFO - Task exited with return code 0
[2025-06-30 10:13:47,143] {local_task_job.py:273} INFO - 0 downstream tasks scheduled from follow-on schedule check
