[2025-06-30 10:13:47,935] {taskinstance.py:1159} INFO - Dependencies all met for <TaskInstance: crypto_dag.transform_data scheduled__2025-06-30T09:00:00+00:00 [queued]>
[2025-06-30 10:13:47,937] {taskinstance.py:1159} INFO - Dependencies all met for <TaskInstance: crypto_dag.transform_data scheduled__2025-06-30T09:00:00+00:00 [queued]>
[2025-06-30 10:13:47,937] {taskinstance.py:1356} INFO - 
--------------------------------------------------------------------------------
[2025-06-30 10:13:47,937] {taskinstance.py:1357} INFO - Starting attempt 1 of 1
[2025-06-30 10:13:47,937] {taskinstance.py:1358} INFO - 
--------------------------------------------------------------------------------
[2025-06-30 10:13:47,942] {taskinstance.py:1377} INFO - Executing <Task(PythonOperator): transform_data> on 2025-06-30 09:00:00+00:00
[2025-06-30 10:13:47,944] {standard_task_runner.py:52} INFO - Started process 900 to run task
[2025-06-30 10:13:47,945] {standard_task_runner.py:79} INFO - Running: ['***', 'tasks', 'run', 'crypto_dag', 'transform_data', 'scheduled__2025-06-30T09:00:00+00:00', '--job-id', '8', '--raw', '--subdir', 'DAGS_FOLDER/crypto_dag.py', '--cfg-path', '/tmp/tmpmaog08pe', '--error-file', '/tmp/tmpvfo5kdx8']
[2025-06-30 10:13:47,946] {standard_task_runner.py:80} INFO - Job 8: Subtask transform_data
[2025-06-30 10:13:47,963] {task_command.py:370} INFO - Running <TaskInstance: crypto_dag.transform_data scheduled__2025-06-30T09:00:00+00:00 [running]> on host f422ad9a977d
[2025-06-30 10:13:47,992] {taskinstance.py:1569} INFO - Exporting the following env vars:
AIRFLOW_CTX_DAG_OWNER=***
AIRFLOW_CTX_DAG_ID=crypto_dag
AIRFLOW_CTX_TASK_ID=transform_data
AIRFLOW_CTX_EXECUTION_DATE=2025-06-30T09:00:00+00:00
AIRFLOW_CTX_TRY_NUMBER=1
AIRFLOW_CTX_DAG_RUN_ID=scheduled__2025-06-30T09:00:00+00:00
[2025-06-30 10:13:47,999] {crypto_dag.py:38} INFO - Data saved in btc_history.csv 🥳
[2025-06-30 10:13:47,999] {python.py:173} INFO - Done. Returned value was: None
[2025-06-30 10:13:48,003] {taskinstance.py:1395} INFO - Marking task as SUCCESS. dag_id=crypto_dag, task_id=transform_data, execution_date=20250630T090000, start_date=20250630T101347, end_date=20250630T101348
[2025-06-30 10:13:48,048] {local_task_job.py:156} INFO - Task exited with return code 0
[2025-06-30 10:13:48,059] {local_task_job.py:273} INFO - 0 downstream tasks scheduled from follow-on schedule check
[2025-06-30 10:13:48,064] {dagrun.py:562} INFO - Marking run <DagRun crypto_dag @ 2025-06-30 09:00:00+00:00: scheduled__2025-06-30T09:00:00+00:00, externally triggered: False> successful
[2025-06-30 10:13:48,065] {dagrun.py:607} INFO - DagRun Finished: dag_id=crypto_dag, execution_date=2025-06-30 09:00:00+00:00, run_id=scheduled__2025-06-30T09:00:00+00:00, run_start_date=2025-06-30 10:13:46.403217+00:00, run_end_date=2025-06-30 10:13:48.065090+00:00, run_duration=1.661873, state=success, external_trigger=False, run_type=scheduled, data_interval_start=2025-06-30 09:00:00+00:00, data_interval_end=2025-06-30 10:00:00+00:00, dag_hash=39e84d2c591b1a8b53864878c812c003
